[0427/142440:ERROR:process_info.cc(608)] range at 0xfffde000, size 0x230 fully unreadable
[0427/142440:ERROR:process_info.cc(608)] range at 0xfffdd000, size 0xf84 fully unreadable
[0427/142440:ERROR:process_info.cc(608)] range at 0xfffda000, size 0xf84 fully unreadable
[0427/142440:ERROR:process_info.cc(608)] range at 0xfffd7000, size 0xf84 fully unreadable
[0427/142440:ERROR:process_info.cc(608)] range at 0xfffaf000, size 0xf84 fully unreadable
[0427/142440:ERROR:process_info.cc(608)] range at 0xfffac000, size 0xf84 fully unreadable
[0427/142440:ERROR:process_info.cc(608)] range at 0xfffa9000, size 0xf84 fully unreadable
[0427/142440:ERROR:process_info.cc(608)] range at 0xfffa6000, size 0xf84 fully unreadable
[0427/142440:ERROR:process_info.cc(608)] range at 0xfffa3000, size 0xf84 fully unreadable
[0427/142440:ERROR:process_info.cc(608)] range at 0xfffa0000, size 0xf84 fully unreadable
[0427/142440:ERROR:process_info.cc(608)] range at 0xfff9d000, size 0xf84 fully unreadable
[0427/142440:ERROR:process_info.cc(608)] range at 0xfff9a000, size 0xf84 fully unreadable
[0427/142440:ERROR:process_info.cc(608)] range at 0xfff97000, size 0xf84 fully unreadable
[0427/142440:ERROR:process_info.cc(608)] range at 0xfff94000, size 0xf84 fully unreadable
[0427/142440:ERROR:process_info.cc(608)] range at 0xfff91000, size 0xf84 fully unreadable
[0427/142440:ERROR:process_info.cc(608)] range at 0xfff8e000, size 0xf84 fully unreadable
[0428/113408:ERROR:process_info.cc(608)] range at 0xfffde000, size 0x230 fully unreadable
[0428/113408:ERROR:process_info.cc(608)] range at 0xfffdd000, size 0xf84 fully unreadable
[0428/113408:ERROR:process_info.cc(608)] range at 0xfffda000, size 0xf84 fully unreadable
[0428/113408:ERROR:process_info.cc(608)] range at 0xfffd7000, size 0xf84 fully unreadable
[0428/113408:ERROR:process_info.cc(608)] range at 0xfffaf000, size 0xf84 fully unreadable
[0428/113408:ERROR:process_info.cc(608)] range at 0xfffac000, size 0xf84 fully unreadable
[0428/113408:ERROR:process_info.cc(608)] range at 0xfffa9000, size 0xf84 fully unreadable
[0428/113408:ERROR:process_info.cc(608)] range at 0xfffa6000, size 0xf84 fully unreadable
[0428/113408:ERROR:process_info.cc(608)] range at 0xfffa3000, size 0xf84 fully unreadable
[0428/113408:ERROR:process_info.cc(608)] range at 0xfffa0000, size 0xf84 fully unreadable
[0428/113408:ERROR:process_info.cc(608)] range at 0xfff9d000, size 0xf84 fully unreadable
[0428/113408:ERROR:process_info.cc(608)] range at 0xfff9a000, size 0xf84 fully unreadable
[0428/113408:ERROR:process_info.cc(608)] range at 0xfff97000, size 0xf84 fully unreadable
[0428/113408:ERROR:process_info.cc(608)] range at 0xfff94000, size 0xf84 fully unreadable
[0428/113408:ERROR:process_info.cc(608)] range at 0xfff91000, size 0xf84 fully unreadable
[0428/113408:ERROR:process_info.cc(608)] range at 0xfff88000, size 0xf84 fully unreadable
[0428/113408:ERROR:process_info.cc(608)] range at 0xfff8e000, size 0xf84 fully unreadable
[0428/113408:ERROR:process_info.cc(608)] range at 0xfff8b000, size 0xf84 fully unreadable
[0428/113719:ERROR:process_info.cc(608)] range at 0xfffde000, size 0x230 fully unreadable
[0428/113720:ERROR:process_info.cc(608)] range at 0xfffdd000, size 0xf84 fully unreadable
[0428/113720:ERROR:process_info.cc(608)] range at 0xfffda000, size 0xf84 fully unreadable
[0428/113720:ERROR:process_info.cc(608)] range at 0xfffd7000, size 0xf84 fully unreadable
[0428/113720:ERROR:process_info.cc(608)] range at 0xfffaf000, size 0xf84 fully unreadable
[0428/113720:ERROR:process_info.cc(608)] range at 0xfffac000, size 0xf84 fully unreadable
[0428/113720:ERROR:process_info.cc(608)] range at 0xfffa9000, size 0xf84 fully unreadable
[0428/113720:ERROR:process_info.cc(608)] range at 0xfffa6000, size 0xf84 fully unreadable
[0428/113720:ERROR:process_info.cc(608)] range at 0xfffa3000, size 0xf84 fully unreadable
[0428/113720:ERROR:process_info.cc(608)] range at 0xfffa0000, size 0xf84 fully unreadable
[0428/113720:ERROR:process_info.cc(608)] range at 0xfff9d000, size 0xf84 fully unreadable
[0428/113720:ERROR:process_info.cc(608)] range at 0xfff9a000, size 0xf84 fully unreadable
[0428/113720:ERROR:process_info.cc(608)] range at 0xfff97000, size 0xf84 fully unreadable
[0428/113720:ERROR:process_info.cc(608)] range at 0xfff94000, size 0xf84 fully unreadable
[0428/113720:ERROR:process_info.cc(608)] range at 0xfff91000, size 0xf84 fully unreadable
[0428/113720:ERROR:process_info.cc(608)] range at 0xfff8e000, size 0xf84 fully unreadable
[0428/113720:ERROR:process_info.cc(608)] range at 0xfff8b000, size 0xf84 fully unreadable
[0428/113720:ERROR:process_info.cc(608)] range at 0xfff88000, size 0xf84 fully unreadable
[0428/113720:ERROR:process_info.cc(608)] range at 0xfff85000, size 0xf84 fully unreadable
[0428/113720:ERROR:process_info.cc(608)] range at 0xfff82000, size 0xf84 fully unreadable
[0428/113720:ERROR:process_info.cc(608)] range at 0xfff7f000, size 0xf84 fully unreadable
[0428/113720:ERROR:process_info.cc(608)] range at 0xfff7c000, size 0xf84 fully unreadable
[0428/113720:ERROR:process_info.cc(608)] range at 0xfff79000, size 0xf84 fully unreadable
[0428/113720:ERROR:process_info.cc(608)] range at 0xfff76000, size 0xf84 fully unreadable
[0428/113720:ERROR:process_info.cc(608)] range at 0xfff73000, size 0xf84 fully unreadable
[0428/113720:ERROR:process_info.cc(608)] range at 0xfff70000, size 0xf84 fully unreadable
[0428/113720:ERROR:process_info.cc(608)] range at 0xfff6d000, size 0xf84 fully unreadable
[0428/113720:ERROR:process_info.cc(608)] range at 0xfff6a000, size 0xf84 fully unreadable
[0428/113720:ERROR:process_info.cc(608)] range at 0xfff67000, size 0xf84 fully unreadable
[0428/113720:ERROR:process_info.cc(608)] range at 0xfff64000, size 0xf84 fully unreadable
[0428/113720:ERROR:process_info.cc(608)] range at 0xfff61000, size 0xf84 fully unreadable
[0428/113720:ERROR:process_info.cc(608)] range at 0xfff5e000, size 0xf84 fully unreadable
[0428/113720:ERROR:process_info.cc(608)] range at 0xfff5b000, size 0xf84 fully unreadable
[0831/180317:ERROR:process_info.cc(608)] range at 0xfffde000, size 0x230 fully unreadable
[0831/180317:ERROR:process_reader_win.cc(233)] ReadMemory at 0xfffde000 of 560 bytes failed: Only part of a ReadProcessMemory or WriteProcessMemory request was completed. (0x12B)
[0831/180317:ERROR:process_snapshot_win.cc(359)] ReadMemory PEB
[0831/180317:ERROR:process_reader_win.cc(233)] ReadMemory at 0xea0000 of 64 bytes failed: Only part of a ReadProcessMemory or WriteProcessMemory request was completed. (0x12B)
[0831/180317:WARNING:pe_image_reader.cc(281)] could not read dos header from C:\Program Files (x86)\Google\Chrome\Application\chrome.exe
[0831/180317:ERROR:process_reader_win.cc(233)] ReadMemory at 0x77ca0000 of 64 bytes failed: Only part of a ReadProcessMemory or WriteProcessMemory request was completed. (0x12B)
[0831/180317:WARNING:pe_image_reader.cc(281)] could not read dos header from C:\Windows\SysWOW64\ntdll.dll
[0831/180317:ERROR:process_reader_win.cc(233)] ReadMemory at 0x75e20000 of 64 bytes failed: Only part of a ReadProcessMemory or WriteProcessMemory request was completed. (0x12B)
[0831/180317:WARNING:pe_image_reader.cc(281)] could not read dos header from C:\Windows\syswow64\KERNELBASE.dll
[0831/180317:ERROR:process_reader_win.cc(233)] ReadMemory at 0x76150000 of 64 bytes failed: Only part of a ReadProcessMemory or WriteProcessMemory request was completed. (0x12B)
[0831/180317:WARNING:pe_image_reader.cc(281)] could not read dos header from C:\Windows\syswow64\kernel32.dll
[0831/180317:ERROR:process_reader_win.cc(233)] ReadMemory at 0x758c0000 of 64 bytes failed: Only part of a ReadProcessMemory or WriteProcessMemory request was completed. (0x12B)
[0831/180317:WARNING:pe_image_reader.cc(281)] could not read dos header from C:\Windows\syswow64\msvcrt.dll
[0831/180317:ERROR:process_reader_win.cc(233)] ReadMemory at 0x75610000 of 64 bytes failed: Only part of a ReadProcessMemory or WriteProcessMemory request was completed. (0x12B)
[0831/180317:WARNING:pe_image_reader.cc(281)] could not read dos header from C:\Windows\syswow64\CRYPTBASE.dll
[0831/180317:ERROR:process_reader_win.cc(233)] ReadMemory at 0x75620000 of 64 bytes failed: Only part of a ReadProcessMemory or WriteProcessMemory request was completed. (0x12B)
[0831/180317:WARNING:pe_image_reader.cc(281)] could not read dos header from C:\Windows\syswow64\SspiCli.dll
[0831/180317:ERROR:process_reader_win.cc(233)] ReadMemory at 0x75c20000 of 64 bytes failed: Only part of a ReadProcessMemory or WriteProcessMemory request was completed. (0x12B)
[0831/180317:WARNING:pe_image_reader.cc(281)] could not read dos header from C:\Windows\syswow64\RPCRT4.dll
[0831/180317:ERROR:process_reader_win.cc(233)] ReadMemory at 0x758a0000 of 64 bytes failed: Only part of a ReadProcessMemory or WriteProcessMemory request was completed. (0x12B)
[0831/180317:WARNING:pe_image_reader.cc(281)] could not read dos header from C:\Windows\SysWOW64\sechost.dll
[0831/180317:ERROR:process_reader_win.cc(233)] ReadMemory at 0x76aa0000 of 64 bytes failed: Only part of a ReadProcessMemory or WriteProcessMemory request was completed. (0x12B)
[0831/180317:WARNING:pe_image_reader.cc(281)] could not read dos header from C:\Windows\syswow64\ADVAPI32.dll
[0831/180317:ERROR:process_reader_win.cc(233)] ReadMemory at 0x72c60000 of 64 bytes failed: Only part of a ReadProcessMemory or WriteProcessMemory request was completed. (0x12B)
[0831/180317:WARNING:pe_image_reader.cc(281)] could not read dos header from C:\Program Files (x86)\Google\Chrome\Application\52.0.2743.116\chrome_elf.dll
[0831/180317:ERROR:process_reader_win.cc(233)] ReadMemory at 0x74630000 of 64 bytes failed: Only part of a ReadProcessMemory or WriteProcessMemory request was completed. (0x12B)
[0831/180317:WARNING:pe_image_reader.cc(281)] could not read dos header from C:\Windows\system32\VERSION.dll
[0831/180317:ERROR:process_reader_win.cc(233)] ReadMemory at 0x769a0000 of 64 bytes failed: Only part of a ReadProcessMemory or WriteProcessMemory request was completed. (0x12B)
[0831/180317:WARNING:pe_image_reader.cc(281)] could not read dos header from C:\Windows\syswow64\USP10.dll
[0831/180317:ERROR:process_reader_win.cc(233)] ReadMemory at 0x75680000 of 64 bytes failed: Only part of a ReadProcessMemory or WriteProcessMemory request was completed. (0x12B)
[0831/180317:WARNING:pe_image_reader.cc(281)] could not read dos header from C:\Windows\syswow64\LPK.dll
[0831/180317:ERROR:process_reader_win.cc(233)] ReadMemory at 0x75710000 of 64 bytes failed: Only part of a ReadProcessMemory or WriteProcessMemory request was completed. (0x12B)
[0831/180317:WARNING:pe_image_reader.cc(281)] could not read dos header from C:\Windows\syswow64\GDI32.dll
[0831/180317:ERROR:process_reader_win.cc(233)] ReadMemory at 0x75d10000 of 64 bytes failed: Only part of a ReadProcessMemory or WriteProcessMemory request was completed. (0x12B)
[0831/180317:WARNING:pe_image_reader.cc(281)] could not read dos header from C:\Windows\syswow64\USER32.dll
[0831/180317:ERROR:process_reader_win.cc(233)] ReadMemory at 0x73d20000 of 64 bytes failed: Only part of a ReadProcessMemory or WriteProcessMemory request was completed. (0x12B)
[0831/180317:WARNING:pe_image_reader.cc(281)] could not read dos header from C:\Windows\system32\WINMM.dll
[0831/180317:ERROR:process_reader_win.cc(233)] ReadMemory at 0x75a10000 of 64 bytes failed: Only part of a ReadProcessMemory or WriteProcessMemory request was completed. (0x12B)
[0831/180317:WARNING:pe_image_reader.cc(281)] could not read dos header from C:\Windows\syswow64\profapi.dll
[0831/180317:ERROR:process_reader_win.cc(233)] ReadMemory at 0x75f40000 of 64 bytes failed: Only part of a ReadProcessMemory or WriteProcessMemory request was completed. (0x12B)
[0831/180317:WARNING:pe_image_reader.cc(281)] could not read dos header from C:\Windows\syswow64\USERENV.dll
[0831/180317:ERROR:process_reader_win.cc(233)] ReadMemory at 0x75340000 of 64 bytes failed: Only part of a ReadProcessMemory or WriteProcessMemory request was completed. (0x12B)
[0831/180317:WARNING:pe_image_reader.cc(281)] could not read dos header from C:\Windows\system32\WTSAPI32.dll
[0831/180317:ERROR:process_reader_win.cc(233)] ReadMemory at 0x74b90000 of 64 bytes failed: Only part of a ReadProcessMemory or WriteProcessMemory request was completed. (0x12B)
[0831/180317:WARNING:pe_image_reader.cc(281)] could not read dos header from C:\Windows\system32\webio.dll
[0831/180317:ERROR:process_reader_win.cc(233)] ReadMemory at 0x74be0000 of 64 bytes failed: Only part of a ReadProcessMemory or WriteProcessMemory request was completed. (0x12B)
[0831/180317:WARNING:pe_image_reader.cc(281)] could not read dos header from C:\Windows\system32\WINHTTP.dll
[0831/180317:ERROR:process_reader_win.cc(233)] ReadMemory at 0x75e70000 of 64 bytes failed: Only part of a ReadProcessMemory or WriteProcessMemory request was completed. (0x12B)
[0831/180317:WARNING:pe_image_reader.cc(281)] could not read dos header from C:\Windows\syswow64\MSCTF.dll
[0831/180317:ERROR:process_reader_win.cc(233)] ReadMemory at 0x76a40000 of 64 bytes failed: Only part of a ReadProcessMemory or WriteProcessMemory request was completed. (0x12B)
[0831/180317:WARNING:pe_image_reader.cc(281)] could not read dos header from C:\Windows\system32\IMM32.DLL
[0831/180317:ERROR:process_reader_win.cc(233)] ReadMemory at 0x75f60000 of 64 bytes failed: Only part of a ReadProcessMemory or WriteProcessMemory request was completed. (0x12B)
[0831/180317:WARNING:pe_image_reader.cc(281)] could not read dos header from C:\Windows\syswow64\PSAPI.DLL
[0831/180317:ERROR:process_reader_win.cc(233)] ReadMemory at 0x75350000 of 64 bytes failed: Only part of a ReadProcessMemory or WriteProcessMemory request was completed. (0x12B)
[0831/180317:WARNING:pe_image_reader.cc(281)] could not read dos header from C:\PROGRA~2\Sophos\SOPHOS~1\SOPHOS~1.DLL
[0831/180317:ERROR:process_reader_win.cc(233)] ReadMemory at 0x77790000 of 64 bytes failed: Only part of a ReadProcessMemory or WriteProcessMemory request was completed. (0x12B)
[0831/180317:WARNING:pe_image_reader.cc(281)] could not read dos header from C:\Windows\syswow64\SHLWAPI.dll
[0831/180317:ERROR:process_reader_win.cc(233)] ReadMemory at 0x76b40000 of 64 bytes failed: Only part of a ReadProcessMemory or WriteProcessMemory request was completed. (0x12B)
[0831/180317:WARNING:pe_image_reader.cc(281)] could not read dos header from C:\Windows\syswow64\SHELL32.dll
[0831/180317:ERROR:process_reader_win.cc(233)] ReadMemory at 0x73cc0000 of 64 bytes failed: Only part of a ReadProcessMemory or WriteProcessMemory request was completed. (0x12B)
[0831/180317:WARNING:pe_image_reader.cc(281)] could not read dos header from C:\Windows\system32\WINSPOOL.DRV
[0831/180317:ERROR:process_reader_win.cc(233)] ReadMemory at 0x73b20000 of 64 bytes failed: Only part of a ReadProcessMemory or WriteProcessMemory request was completed. (0x12B)
[0831/180317:WARNING:pe_image_reader.cc(281)] could not read dos header from C:\Windows\WinSxS\x86_microsoft.windows.common-controls_6595b64144ccf1df_6.0.7601.18837_none_41e855142bd5705d\COMCTL32.dll
[0831/180317:ERROR:process_reader_win.cc(233)] ReadMemory at 0x75690000 of 64 bytes failed: Only part of a ReadProcessMemory or WriteProcessMemory request was completed. (0x12B)
[0831/180317:WARNING:pe_image_reader.cc(281)] could not read dos header from C:\Windows\syswow64\COMDLG32.dll
[0831/180317:ERROR:process_reader_win.cc(233)] ReadMemory at 0x75f80000 of 64 bytes failed: Only part of a ReadProcessMemory or WriteProcessMemory request was completed. (0x12B)
[0831/180317:WARNING:pe_image_reader.cc(281)] could not read dos header from C:\Windows\syswow64\ole32.dll
[0831/180317:ERROR:process_reader_win.cc(233)] ReadMemory at 0x757a0000 of 64 bytes failed: Only part of a ReadProcessMemory or WriteProcessMemory request was completed. (0x12B)
[0831/180317:WARNING:pe_image_reader.cc(281)] could not read dos header from C:\Windows\syswow64\OLEAUT32.dll
[0831/180317:ERROR:process_reader_win.cc(233)] ReadMemory at 0x77890000 of 64 bytes failed: Only part of a ReadProcessMemory or WriteProcessMemory request was completed. (0x12B)
[0831/180317:WARNING:pe_image_reader.cc(281)] could not read dos header from C:\Windows\syswow64\NSI.dll
[0831/180317:ERROR:process_reader_win.cc(233)] ReadMemory at 0x743e0000 of 64 bytes failed: Only part of a ReadProcessMemory or WriteProcessMemory request was completed. (0x12B)
[0831/180317:WARNING:pe_image_reader.cc(281)] could not read dos header from C:\Windows\system32\WINNSI.DLL
[0831/180317:ERROR:process_reader_win.cc(233)] ReadMemory at 0x743f0000 of 64 bytes failed: Only part of a ReadProcessMemory or WriteProcessMemory request was completed. (0x12B)
[0831/180317:WARNING:pe_image_reader.cc(281)] could not read dos header from C:\Windows\system32\IPHLPAPI.DLL
[0831/180317:ERROR:process_reader_win.cc(233)] ReadMemory at 0x76110000 of 64 bytes failed: Only part of a ReadProcessMemory or WriteProcessMemory request was completed. (0x12B)
[0831/180317:WARNING:pe_image_reader.cc(281)] could not read dos header from C:\Windows\syswow64\WS2_32.dll
[0831/180317:ERROR:process_reader_win.cc(233)] ReadMemory at 0x77880000 of 64 bytes failed: Only part of a ReadProcessMemory or WriteProcessMemory request was completed. (0x12B)
[0831/180317:WARNING:pe_image_reader.cc(281)] could not read dos header from C:\Windows\syswow64\MSASN1.dll
[0831/180317:ERROR:process_reader_win.cc(233)] ReadMemory at 0x767e0000 of 64 bytes failed: Only part of a ReadProcessMemory or WriteProcessMemory request was completed. (0x12B)
[0831/180317:WARNING:pe_image_reader.cc(281)] could not read dos header from C:\Windows\syswow64\CRYPT32.dll
[0831/180317:ERROR:process_reader_win.cc(233)] ReadMemory at 0x75990000 of 64 bytes failed: Only part of a ReadProcessMemory or WriteProcessMemory request was completed. (0x12B)
[0831/180317:WARNING:pe_image_reader.cc(281)] could not read dos header from C:\Windows\syswow64\WINTRUST.dll
[0831/180317:ERROR:process_reader_win.cc(233)] ReadMemory at 0x71750000 of 64 bytes failed: Only part of a ReadProcessMemory or WriteProcessMemory request was completed. (0x12B)
[0831/180317:WARNING:pe_image_reader.cc(281)] could not read dos header from C:\Windows\system32\Secur32.dll
[0831/180317:ERROR:process_reader_win.cc(233)] ReadMemory at 0x60eb0000 of 64 bytes failed: Only part of a ReadProcessMemory or WriteProcessMemory request was completed. (0x12B)
[0831/180317:WARNING:pe_image_reader.cc(281)] could not read dos header from C:\Program Files (x86)\Google\Chrome\Application\52.0.2743.116\chrome_child.dll
[0831/180317:ERROR:process_reader_win.cc(233)] ReadMemory at 0x6ba10000 of 64 bytes failed: Only part of a ReadProcessMemory or WriteProcessMemory request was completed. (0x12B)
[0831/180317:WARNING:pe_image_reader.cc(281)] could not read dos header from C:\Windows\system32\dwrite.dll
[0831/180317:ERROR:process_reader_win.cc(233)] ReadMemory at 0x77da5120 of 5888 bytes failed: Only part of a ReadProcessMemory or WriteProcessMemory request was completed. (0x12B)
[0831/180317:ERROR:process_reader_win.cc(233)] ReadMemory at 0xea0000 of 64 bytes failed: Only part of a ReadProcessMemory or WriteProcessMemory request was completed. (0x12B)
[0831/180317:WARNING:pe_image_reader.cc(281)] could not read dos header from C:\Program Files (x86)\Google\Chrome\Application\chrome.exe
[0831/180317:ERROR:process_reader_win.cc(233)] ReadMemory at 0x77ca0000 of 64 bytes failed: Only part of a ReadProcessMemory or WriteProcessMemory request was completed. (0x12B)
[0831/180317:WARNING:pe_image_reader.cc(281)] could not read dos header from C:\Windows\SysWOW64\ntdll.dll
[0831/180317:ERROR:process_reader_win.cc(233)] ReadMemory at 0x75e20000 of 64 bytes failed: Only part of a ReadProcessMemory or WriteProcessMemory request was completed. (0x12B)
[0831/180317:WARNING:pe_image_reader.cc(281)] could not read dos header from C:\Windows\syswow64\KERNELBASE.dll
[0831/180317:ERROR:process_reader_win.cc(233)] ReadMemory at 0x76150000 of 64 bytes failed: Only part of a ReadProcessMemory or WriteProcessMemory request was completed. (0x12B)
[0831/180317:WARNING:pe_image_reader.cc(281)] could not read dos header from C:\Windows\syswow64\kernel32.dll
[0831/180317:ERROR:process_reader_win.cc(233)] ReadMemory at 0x758c0000 of 64 bytes failed: Only part of a ReadProcessMemory or WriteProcessMemory request was completed. (0x12B)
[0831/180317:WARNING:pe_image_reader.cc(281)] could not read dos header from C:\Windows\syswow64\msvcrt.dll
[0831/180317:ERROR:process_reader_win.cc(233)] ReadMemory at 0x75610000 of 64 bytes failed: Only part of a ReadProcessMemory or WriteProcessMemory request was completed. (0x12B)
[0831/180317:WARNING:pe_image_reader.cc(281)] could not read dos header from C:\Windows\syswow64\CRYPTBASE.dll
[0831/180317:ERROR:process_reader_win.cc(233)] ReadMemory at 0x75620000 of 64 bytes failed: Only part of a ReadProcessMemory or WriteProcessMemory request was completed. (0x12B)
[0831/180317:WARNING:pe_image_reader.cc(281)] could not read dos header from C:\Windows\syswow64\SspiCli.dll
[0831/180317:ERROR:process_reader_win.cc(233)] ReadMemory at 0x75c20000 of 64 bytes failed: Only part of a ReadProcessMemory or WriteProcessMemory request was completed. (0x12B)
[0831/180317:WARNING:pe_image_reader.cc(281)] could not read dos header from C:\Windows\syswow64\RPCRT4.dll
[0831/180317:ERROR:process_reader_win.cc(233)] ReadMemory at 0x758a0000 of 64 bytes failed: Only part of a ReadProcessMemory or WriteProcessMemory request was completed. (0x12B)
[0831/180317:WARNING:pe_image_reader.cc(281)] could not read dos header from C:\Windows\SysWOW64\sechost.dll
[0831/180317:ERROR:process_reader_win.cc(233)] ReadMemory at 0x76aa0000 of 64 bytes failed: Only part of a ReadProcessMemory or WriteProcessMemory request was completed. (0x12B)
[0831/180317:WARNING:pe_image_reader.cc(281)] could not read dos header from C:\Windows\syswow64\ADVAPI32.dll
[0831/180317:ERROR:process_reader_win.cc(233)] ReadMemory at 0x72c60000 of 64 bytes failed: Only part of a ReadProcessMemory or WriteProcessMemory request was completed. (0x12B)
[0831/180317:WARNING:pe_image_reader.cc(281)] could not read dos header from C:\Program Files (x86)\Google\Chrome\Application\52.0.2743.116\chrome_elf.dll
[0831/180317:ERROR:process_reader_win.cc(233)] ReadMemory at 0x74630000 of 64 bytes failed: Only part of a ReadProcessMemory or WriteProcessMemory request was completed. (0x12B)
[0831/180317:WARNING:pe_image_reader.cc(281)] could not read dos header from C:\Windows\system32\VERSION.dll
[0831/180317:ERROR:process_reader_win.cc(233)] ReadMemory at 0x769a0000 of 64 bytes failed: Only part of a ReadProcessMemory or WriteProcessMemory request was completed. (0x12B)
[0831/180317:WARNING:pe_image_reader.cc(281)] could not read dos header from C:\Windows\syswow64\USP10.dll
[0831/180317:ERROR:process_reader_win.cc(233)] ReadMemory at 0x75680000 of 64 bytes failed: Only part of a ReadProcessMemory or WriteProcessMemory request was completed. (0x12B)
[0831/180317:WARNING:pe_image_reader.cc(281)] could not read dos header from C:\Windows\syswow64\LPK.dll
[0831/180317:ERROR:process_reader_win.cc(233)] ReadMemory at 0x75710000 of 64 bytes failed: Only part of a ReadProcessMemory or WriteProcessMemory request was completed. (0x12B)
[0831/180317:WARNING:pe_image_reader.cc(281)] could not read dos header from C:\Windows\syswow64\GDI32.dll
[0831/180317:ERROR:process_reader_win.cc(233)] ReadMemory at 0x75d10000 of 64 bytes failed: Only part of a ReadProcessMemory or WriteProcessMemory request was completed. (0x12B)
[0831/180317:WARNING:pe_image_reader.cc(281)] could not read dos header from C:\Windows\syswow64\USER32.dll
[0831/180317:ERROR:process_reader_win.cc(233)] ReadMemory at 0x73d20000 of 64 bytes failed: Only part of a ReadProcessMemory or WriteProcessMemory request was completed. (0x12B)
[0831/180317:WARNING:pe_image_reader.cc(281)] could not read dos header from C:\Windows\system32\WINMM.dll
[0831/180317:ERROR:process_reader_win.cc(233)] ReadMemory at 0x75a10000 of 64 bytes failed: Only part of a ReadProcessMemory or WriteProcessMemory request was completed. (0x12B)
[0831/180317:WARNING:pe_image_reader.cc(281)] could not read dos header from C:\Windows\syswow64\profapi.dll
[0831/180317:ERROR:process_reader_win.cc(233)] ReadMemory at 0x75f40000 of 64 bytes failed: Only part of a ReadProcessMemory or WriteProcessMemory request was completed. (0x12B)
[0831/180317:WARNING:pe_image_reader.cc(281)] could not read dos header from C:\Windows\syswow64\USERENV.dll
[0831/180317:ERROR:process_reader_win.cc(233)] ReadMemory at 0x75340000 of 64 bytes failed: Only part of a ReadProcessMemory or WriteProcessMemory request was completed. (0x12B)
[0831/180317:WARNING:pe_image_reader.cc(281)] could not read dos header from C:\Windows\system32\WTSAPI32.dll
[0831/180317:ERROR:process_reader_win.cc(233)] ReadMemory at 0x74b90000 of 64 bytes failed: Only part of a ReadProcessMemory or WriteProcessMemory request was completed. (0x12B)
[0831/180317:WARNING:pe_image_reader.cc(281)] could not read dos header from C:\Windows\system32\webio.dll
[0831/180317:ERROR:process_reader_win.cc(233)] ReadMemory at 0x74be0000 of 64 bytes failed: Only part of a ReadProcessMemory or WriteProcessMemory request was completed. (0x12B)
[0831/180317:WARNING:pe_image_reader.cc(281)] could not read dos header from C:\Windows\system32\WINHTTP.dll
[0831/180317:ERROR:process_reader_win.cc(233)] ReadMemory at 0x75e70000 of 64 bytes failed: Only part of a ReadProcessMemory or WriteProcessMemory request was completed. (0x12B)
[0831/180317:WARNING:pe_image_reader.cc(281)] could not read dos header from C:\Windows\syswow64\MSCTF.dll
[0831/180317:ERROR:process_reader_win.cc(233)] ReadMemory at 0x76a40000 of 64 bytes failed: Only part of a ReadProcessMemory or WriteProcessMemory request was completed. (0x12B)
[0831/180317:WARNING:pe_image_reader.cc(281)] could not read dos header from C:\Windows\system32\IMM32.DLL
[0831/180317:ERROR:process_reader_win.cc(233)] ReadMemory at 0x75f60000 of 64 bytes failed: Only part of a ReadProcessMemory or WriteProcessMemory request was completed. (0x12B)
[0831/180317:WARNING:pe_image_reader.cc(281)] could not read dos header from C:\Windows\syswow64\PSAPI.DLL
[0831/180317:ERROR:process_reader_win.cc(233)] ReadMemory at 0x75350000 of 64 bytes failed: Only part of a ReadProcessMemory or WriteProcessMemory request was completed. (0x12B)
[0831/180317:WARNING:pe_image_reader.cc(281)] could not read dos header from C:\PROGRA~2\Sophos\SOPHOS~1\SOPHOS~1.DLL
[0831/180317:ERROR:process_reader_win.cc(233)] ReadMemory at 0x77790000 of 64 bytes failed: Only part of a ReadProcessMemory or WriteProcessMemory request was completed. (0x12B)
[0831/180317:WARNING:pe_image_reader.cc(281)] could not read dos header from C:\Windows\syswow64\SHLWAPI.dll
[0831/180317:ERROR:process_reader_win.cc(233)] ReadMemory at 0x76b40000 of 64 bytes failed: Only part of a ReadProcessMemory or WriteProcessMemory request was completed. (0x12B)
[0831/180317:WARNING:pe_image_reader.cc(281)] could not read dos header from C:\Windows\syswow64\SHELL32.dll
[0831/180317:ERROR:process_reader_win.cc(233)] ReadMemory at 0x73cc0000 of 64 bytes failed: Only part of a ReadProcessMemory or WriteProcessMemory request was completed. (0x12B)
[0831/180317:WARNING:pe_image_reader.cc(281)] could not read dos header from C:\Windows\system32\WINSPOOL.DRV
[0831/180317:ERROR:process_reader_win.cc(233)] ReadMemory at 0x73b20000 of 64 bytes failed: Only part of a ReadProcessMemory or WriteProcessMemory request was completed. (0x12B)
[0831/180317:WARNING:pe_image_reader.cc(281)] could not read dos header from C:\Windows\WinSxS\x86_microsoft.windows.common-controls_6595b64144ccf1df_6.0.7601.18837_none_41e855142bd5705d\COMCTL32.dll
[0831/180317:ERROR:process_reader_win.cc(233)] ReadMemory at 0x75690000 of 64 bytes failed: Only part of a ReadProcessMemory or WriteProcessMemory request was completed. (0x12B)
[0831/180317:WARNING:pe_image_reader.cc(281)] could not read dos header from C:\Windows\syswow64\COMDLG32.dll
[0831/180317:ERROR:process_reader_win.cc(233)] ReadMemory at 0x75f80000 of 64 bytes failed: Only part of a ReadProcessMemory or WriteProcessMemory request was completed. (0x12B)
[0831/180317:WARNING:pe_image_reader.cc(281)] could not read dos header from C:\Windows\syswow64\ole32.dll
[0831/180317:ERROR:process_reader_win.cc(233)] ReadMemory at 0x757a0000 of 64 bytes failed: Only part of a ReadProcessMemory or WriteProcessMemory request was completed. (0x12B)
[0831/180317:WARNING:pe_image_reader.cc(281)] could not read dos header from C:\Windows\syswow64\OLEAUT32.dll
[0831/180317:ERROR:process_reader_win.cc(233)] ReadMemory at 0x77890000 of 64 bytes failed: Only part of a ReadProcessMemory or WriteProcessMemory request was completed. (0x12B)
[0831/180317:WARNING:pe_image_reader.cc(281)] could not read dos header from C:\Windows\syswow64\NSI.dll
[0831/180317:ERROR:process_reader_win.cc(233)] ReadMemory at 0x743e0000 of 64 bytes failed: Only part of a ReadProcessMemory or WriteProcessMemory request was completed. (0x12B)
[0831/180317:WARNING:pe_image_reader.cc(281)] could not read dos header from C:\Windows\system32\WINNSI.DLL
[0831/180317:ERROR:process_reader_win.cc(233)] ReadMemory at 0x743f0000 of 64 bytes failed: Only part of a ReadProcessMemory or WriteProcessMemory request was completed. (0x12B)
[0831/180317:WARNING:pe_image_reader.cc(281)] could not read dos header from C:\Windows\system32\IPHLPAPI.DLL
[0831/180317:ERROR:process_reader_win.cc(233)] ReadMemory at 0x76110000 of 64 bytes failed: Only part of a ReadProcessMemory or WriteProcessMemory request was completed. (0x12B)
[0831/180317:WARNING:pe_image_reader.cc(281)] could not read dos header from C:\Windows\syswow64\WS2_32.dll
[0831/180317:ERROR:process_reader_win.cc(233)] ReadMemory at 0x77880000 of 64 bytes failed: Only part of a ReadProcessMemory or WriteProcessMemory request was completed. (0x12B)
[0831/180317:WARNING:pe_image_reader.cc(281)] could not read dos header from C:\Windows\syswow64\MSASN1.dll
[0831/180317:ERROR:process_reader_win.cc(233)] ReadMemory at 0x767e0000 of 64 bytes failed: Only part of a ReadProcessMemory or WriteProcessMemory request was completed. (0x12B)
[0831/180317:WARNING:pe_image_reader.cc(281)] could not read dos header from C:\Windows\syswow64\CRYPT32.dll
[0831/180317:ERROR:process_reader_win.cc(233)] ReadMemory at 0x75990000 of 64 bytes failed: Only part of a ReadProcessMemory or WriteProcessMemory request was completed. (0x12B)
[0831/180317:WARNING:pe_image_reader.cc(281)] could not read dos header from C:\Windows\syswow64\WINTRUST.dll
[0831/180317:ERROR:process_reader_win.cc(233)] ReadMemory at 0x71750000 of 64 bytes failed: Only part of a ReadProcessMemory or WriteProcessMemory request was completed. (0x12B)
[0831/180317:WARNING:pe_image_reader.cc(281)] could not read dos header from C:\Windows\system32\Secur32.dll
[0831/180317:ERROR:process_reader_win.cc(233)] ReadMemory at 0x60eb0000 of 64 bytes failed: Only part of a ReadProcessMemory or WriteProcessMemory request was completed. (0x12B)
[0831/180317:WARNING:pe_image_reader.cc(281)] could not read dos header from C:\Program Files (x86)\Google\Chrome\Application\52.0.2743.116\chrome_child.dll
[0831/180317:ERROR:process_reader_win.cc(233)] ReadMemory at 0x6ba10000 of 64 bytes failed: Only part of a ReadProcessMemory or WriteProcessMemory request was completed. (0x12B)
[0831/180317:WARNING:pe_image_reader.cc(281)] could not read dos header from C:\Windows\system32\dwrite.dll
[0831/180317:ERROR:process_reader_win.cc(99)] process 7608 not found
[0831/180317:ERROR:process_reader_win.cc(233)] ReadMemory at 0xea0000 of 64 bytes failed: Only part of a ReadProcessMemory or WriteProcessMemory request was completed. (0x12B)
[0831/180317:WARNING:pe_image_reader.cc(281)] could not read dos header from C:\Program Files (x86)\Google\Chrome\Application\chrome.exe
[0831/180317:ERROR:process_reader_win.cc(233)] ReadMemory at 0x77ca0000 of 64 bytes failed: Only part of a ReadProcessMemory or WriteProcessMemory request was completed. (0x12B)
[0831/180317:WARNING:pe_image_reader.cc(281)] could not read dos header from C:\Windows\SysWOW64\ntdll.dll
[0831/180317:ERROR:process_reader_win.cc(233)] ReadMemory at 0x75e20000 of 64 bytes failed: Only part of a ReadProcessMemory or WriteProcessMemory request was completed. (0x12B)
[0831/180317:WARNING:pe_image_reader.cc(281)] could not read dos header from C:\Windows\syswow64\KERNELBASE.dll
[0831/180317:ERROR:process_reader_win.cc(233)] ReadMemory at 0x76150000 of 64 bytes failed: Only part of a ReadProcessMemory or WriteProcessMemory request was completed. (0x12B)
[0831/180317:WARNING:pe_image_reader.cc(281)] could not read dos header from C:\Windows\syswow64\kernel32.dll
[0831/180317:ERROR:process_reader_win.cc(233)] ReadMemory at 0x758c0000 of 64 bytes failed: Only part of a ReadProcessMemory or WriteProcessMemory request was completed. (0x12B)
[0831/180317:WARNING:pe_image_reader.cc(281)] could not read dos header from C:\Windows\syswow64\msvcrt.dll
[0831/180317:ERROR:process_reader_win.cc(233)] ReadMemory at 0x75610000 of 64 bytes failed: Only part of a ReadProcessMemory or WriteProcessMemory request was completed. (0x12B)
[0831/180317:WARNING:pe_image_reader.cc(281)] could not read dos header from C:\Windows\syswow64\CRYPTBASE.dll
[0831/180317:ERROR:process_reader_win.cc(233)] ReadMemory at 0x75620000 of 64 bytes failed: Only part of a ReadProcessMemory or WriteProcessMemory request was completed. (0x12B)
[0831/180317:WARNING:pe_image_reader.cc(281)] could not read dos header from C:\Windows\syswow64\SspiCli.dll
[0831/180317:ERROR:process_reader_win.cc(233)] ReadMemory at 0x75c20000 of 64 bytes failed: Only part of a ReadProcessMemory or WriteProcessMemory request was completed. (0x12B)
[0831/180317:WARNING:pe_image_reader.cc(281)] could not read dos header from C:\Windows\syswow64\RPCRT4.dll
[0831/180317:ERROR:process_reader_win.cc(233)] ReadMemory at 0x758a0000 of 64 bytes failed: Only part of a ReadProcessMemory or WriteProcessMemory request was completed. (0x12B)
[0831/180317:WARNING:pe_image_reader.cc(281)] could not read dos header from C:\Windows\SysWOW64\sechost.dll
[0831/180317:ERROR:process_reader_win.cc(233)] ReadMemory at 0x76aa0000 of 64 bytes failed: Only part of a ReadProcessMemory or WriteProcessMemory request was completed. (0x12B)
[0831/180317:WARNING:pe_image_reader.cc(281)] could not read dos header from C:\Windows\syswow64\ADVAPI32.dll
[0831/180317:ERROR:process_reader_win.cc(233)] ReadMemory at 0x72c60000 of 64 bytes failed: Only part of a ReadProcessMemory or WriteProcessMemory request was completed. (0x12B)
[0831/180317:WARNING:pe_image_reader.cc(281)] could not read dos header from C:\Program Files (x86)\Google\Chrome\Application\52.0.2743.116\chrome_elf.dll
[0831/180317:ERROR:process_reader_win.cc(233)] ReadMemory at 0x74630000 of 64 bytes failed: Only part of a ReadProcessMemory or WriteProcessMemory request was completed. (0x12B)
[0831/180317:WARNING:pe_image_reader.cc(281)] could not read dos header from C:\Windows\system32\VERSION.dll
[0831/180317:ERROR:process_reader_win.cc(233)] ReadMemory at 0x769a0000 of 64 bytes failed: Only part of a ReadProcessMemory or WriteProcessMemory request was completed. (0x12B)
[0831/180317:WARNING:pe_image_reader.cc(281)] could not read dos header from C:\Windows\syswow64\USP10.dll
[0831/180317:ERROR:process_reader_win.cc(233)] ReadMemory at 0x75680000 of 64 bytes failed: Only part of a ReadProcessMemory or WriteProcessMemory request was completed. (0x12B)
[0831/180317:WARNING:pe_image_reader.cc(281)] could not read dos header from C:\Windows\syswow64\LPK.dll
[0831/180317:ERROR:process_reader_win.cc(233)] ReadMemory at 0x75710000 of 64 bytes failed: Only part of a ReadProcessMemory or WriteProcessMemory request was completed. (0x12B)
[0831/180317:WARNING:pe_image_reader.cc(281)] could not read dos header from C:\Windows\syswow64\GDI32.dll
[0831/180317:ERROR:process_reader_win.cc(233)] ReadMemory at 0x75d10000 of 64 bytes failed: Only part of a ReadProcessMemory or WriteProcessMemory request was completed. (0x12B)
[0831/180317:WARNING:pe_image_reader.cc(281)] could not read dos header from C:\Windows\syswow64\USER32.dll
[0831/180317:ERROR:process_reader_win.cc(233)] ReadMemory at 0x73d20000 of 64 bytes failed: Only part of a ReadProcessMemory or WriteProcessMemory request was completed. (0x12B)
[0831/180317:WARNING:pe_image_reader.cc(281)] could not read dos header from C:\Windows\system32\WINMM.dll
[0831/180317:ERROR:process_reader_win.cc(233)] ReadMemory at 0x75a10000 of 64 bytes failed: Only part of a ReadProcessMemory or WriteProcessMemory request was completed. (0x12B)
[0831/180317:WARNING:pe_image_reader.cc(281)] could not read dos header from C:\Windows\syswow64\profapi.dll
[0831/180317:ERROR:process_reader_win.cc(233)] ReadMemory at 0x75f40000 of 64 bytes failed: Only part of a ReadProcessMemory or WriteProcessMemory request was completed. (0x12B)
[0831/180317:WARNING:pe_image_reader.cc(281)] could not read dos header from C:\Windows\syswow64\USERENV.dll
[0831/180317:ERROR:process_reader_win.cc(233)] ReadMemory at 0x75340000 of 64 bytes failed: Only part of a ReadProcessMemory or WriteProcessMemory request was completed. (0x12B)
[0831/180317:WARNING:pe_image_reader.cc(281)] could not read dos header from C:\Windows\system32\WTSAPI32.dll
[0831/180317:ERROR:process_reader_win.cc(233)] ReadMemory at 0x74b90000 of 64 bytes failed: Only part of a ReadProcessMemory or WriteProcessMemory request was completed. (0x12B)
[0831/180317:WARNING:pe_image_reader.cc(281)] could not read dos header from C:\Windows\system32\webio.dll
[0831/180317:ERROR:process_reader_win.cc(233)] ReadMemory at 0x74be0000 of 64 bytes failed: Only part of a ReadProcessMemory or WriteProcessMemory request was completed. (0x12B)
[0831/180317:WARNING:pe_image_reader.cc(281)] could not read dos header from C:\Windows\system32\WINHTTP.dll
[0831/180317:ERROR:process_reader_win.cc(233)] ReadMemory at 0x75e70000 of 64 bytes failed: Only part of a ReadProcessMemory or WriteProcessMemory request was completed. (0x12B)
[0831/180317:WARNING:pe_image_reader.cc(281)] could not read dos header from C:\Windows\syswow64\MSCTF.dll
[0831/180317:ERROR:process_reader_win.cc(233)] ReadMemory at 0x76a40000 of 64 bytes failed: Only part of a ReadProcessMemory or WriteProcessMemory request was completed. (0x12B)
[0831/180317:WARNING:pe_image_reader.cc(281)] could not read dos header from C:\Windows\system32\IMM32.DLL
[0831/180317:ERROR:process_reader_win.cc(233)] ReadMemory at 0x75f60000 of 64 bytes failed: Only part of a ReadProcessMemory or WriteProcessMemory request was completed. (0x12B)
[0831/180317:WARNING:pe_image_reader.cc(281)] could not read dos header from C:\Windows\syswow64\PSAPI.DLL
[0831/180317:ERROR:process_reader_win.cc(233)] ReadMemory at 0x75350000 of 64 bytes failed: Only part of a ReadProcessMemory or WriteProcessMemory request was completed. (0x12B)
[0831/180317:WARNING:pe_image_reader.cc(281)] could not read dos header from C:\PROGRA~2\Sophos\SOPHOS~1\SOPHOS~1.DLL
[0831/180317:ERROR:process_reader_win.cc(233)] ReadMemory at 0x77790000 of 64 bytes failed: Only part of a ReadProcessMemory or WriteProcessMemory request was completed. (0x12B)
[0831/180317:WARNING:pe_image_reader.cc(281)] could not read dos header from C:\Windows\syswow64\SHLWAPI.dll
[0831/180317:ERROR:process_reader_win.cc(233)] ReadMemory at 0x76b40000 of 64 bytes failed: Only part of a ReadProcessMemory or WriteProcessMemory request was completed. (0x12B)
[0831/180317:WARNING:pe_image_reader.cc(281)] could not read dos header from C:\Windows\syswow64\SHELL32.dll
[0831/180317:ERROR:process_reader_win.cc(233)] ReadMemory at 0x73cc0000 of 64 bytes failed: Only part of a ReadProcessMemory or WriteProcessMemory request was completed. (0x12B)
[0831/180317:WARNING:pe_image_reader.cc(281)] could not read dos header from C:\Windows\system32\WINSPOOL.DRV
[0831/180317:ERROR:process_reader_win.cc(233)] ReadMemory at 0x73b20000 of 64 bytes failed: Only part of a ReadProcessMemory or WriteProcessMemory request was completed. (0x12B)
[0831/180317:WARNING:pe_image_reader.cc(281)] could not read dos header from C:\Windows\WinSxS\x86_microsoft.windows.common-controls_6595b64144ccf1df_6.0.7601.18837_none_41e855142bd5705d\COMCTL32.dll
[0831/180317:ERROR:process_reader_win.cc(233)] ReadMemory at 0x75690000 of 64 bytes failed: Only part of a ReadProcessMemory or WriteProcessMemory request was completed. (0x12B)
[0831/180317:WARNING:pe_image_reader.cc(281)] could not read dos header from C:\Windows\syswow64\COMDLG32.dll
[0831/180317:ERROR:process_reader_win.cc(233)] ReadMemory at 0x75f80000 of 64 bytes failed: Only part of a ReadProcessMemory or WriteProcessMemory request was completed. (0x12B)
[0831/180317:WARNING:pe_image_reader.cc(281)] could not read dos header from C:\Windows\syswow64\ole32.dll
[0831/180317:ERROR:process_reader_win.cc(233)] ReadMemory at 0x757a0000 of 64 bytes failed: Only part of a ReadProcessMemory or WriteProcessMemory request was completed. (0x12B)
[0831/180317:WARNING:pe_image_reader.cc(281)] could not read dos header from C:\Windows\syswow64\OLEAUT32.dll
[0831/180317:ERROR:process_reader_win.cc(233)] ReadMemory at 0x77890000 of 64 bytes failed: Only part of a ReadProcessMemory or WriteProcessMemory request was completed. (0x12B)
[0831/180317:WARNING:pe_image_reader.cc(281)] could not read dos header from C:\Windows\syswow64\NSI.dll
[0831/180317:ERROR:process_reader_win.cc(233)] ReadMemory at 0x743e0000 of 64 bytes failed: Only part of a ReadProcessMemory or WriteProcessMemory request was completed. (0x12B)
[0831/180317:WARNING:pe_image_reader.cc(281)] could not read dos header from C:\Windows\system32\WINNSI.DLL
[0831/180317:ERROR:process_reader_win.cc(233)] ReadMemory at 0x743f0000 of 64 bytes failed: Only part of a ReadProcessMemory or WriteProcessMemory request was completed. (0x12B)
[0831/180317:WARNING:pe_image_reader.cc(281)] could not read dos header from C:\Windows\system32\IPHLPAPI.DLL
[0831/180317:ERROR:process_reader_win.cc(233)] ReadMemory at 0x76110000 of 64 bytes failed: Only part of a ReadProcessMemory or WriteProcessMemory request was completed. (0x12B)
[0831/180317:WARNING:pe_image_reader.cc(281)] could not read dos header from C:\Windows\syswow64\WS2_32.dll
[0831/180317:ERROR:process_reader_win.cc(233)] ReadMemory at 0x77880000 of 64 bytes failed: Only part of a ReadProcessMemory or WriteProcessMemory request was completed. (0x12B)
[0831/180317:WARNING:pe_image_reader.cc(281)] could not read dos header from C:\Windows\syswow64\MSASN1.dll
[0831/180317:ERROR:process_reader_win.cc(233)] ReadMemory at 0x767e0000 of 64 bytes failed: Only part of a ReadProcessMemory or WriteProcessMemory request was completed. (0x12B)
[0831/180317:WARNING:pe_image_reader.cc(281)] could not read dos header from C:\Windows\syswow64\CRYPT32.dll
[0831/180317:ERROR:process_reader_win.cc(233)] ReadMemory at 0x75990000 of 64 bytes failed: Only part of a ReadProcessMemory or WriteProcessMemory request was completed. (0x12B)
[0831/180317:WARNING:pe_image_reader.cc(281)] could not read dos header from C:\Windows\syswow64\WINTRUST.dll
[0831/180317:ERROR:process_reader_win.cc(233)] ReadMemory at 0x71750000 of 64 bytes failed: Only part of a ReadProcessMemory or WriteProcessMemory request was completed. (0x12B)
[0831/180317:WARNING:pe_image_reader.cc(281)] could not read dos header from C:\Windows\system32\Secur32.dll
[0831/180317:ERROR:process_reader_win.cc(233)] ReadMemory at 0x60eb0000 of 64 bytes failed: Only part of a ReadProcessMemory or WriteProcessMemory request was completed. (0x12B)
[0831/180317:WARNING:pe_image_reader.cc(281)] could not read dos header from C:\Program Files (x86)\Google\Chrome\Application\52.0.2743.116\chrome_child.dll
[0831/180317:ERROR:process_reader_win.cc(233)] ReadMemory at 0x6ba10000 of 64 bytes failed: Only part of a ReadProcessMemory or WriteProcessMemory request was completed. (0x12B)
[0831/180317:WARNING:pe_image_reader.cc(281)] could not read dos header from C:\Windows\system32\dwrite.dll
[0831/180317:ERROR:process_reader_win.cc(233)] ReadMemory at 0xf5fbb4 of 12 bytes failed: Only part of a ReadProcessMemory or WriteProcessMemory request was completed. (0x12B)
[0831/180317:WARNING:process_snapshot_win.cc(104)] ReadMemory ExceptionInformation failed
[0831/180317:WARNING:crash_report_exception_handler.cc(60)] ProcessSnapshotWin::InitializeException failed
[0831/180317:ERROR:scoped_process_suspend.cc(38)] NtResumeProcess, ntstatus=-1073741558
[0905/142504:ERROR:process_info.cc(608)] range at 0xfffde000, size 0x230 fully unreadable
[0905/142504:ERROR:process_info.cc(608)] range at 0xfffdd000, size 0xf84 fully unreadable
[0905/142504:ERROR:process_info.cc(608)] range at 0xfffda000, size 0xf84 fully unreadable
[0905/142504:ERROR:process_info.cc(608)] range at 0xfffd7000, size 0xf84 fully unreadable
[0905/142504:ERROR:process_info.cc(608)] range at 0xfffaf000, size 0xf84 fully unreadable
[0905/142504:ERROR:process_info.cc(608)] range at 0xfffac000, size 0xf84 fully unreadable
[0905/142504:ERROR:process_info.cc(608)] range at 0xfffa9000, size 0xf84 fully unreadable
[0905/142504:ERROR:process_info.cc(608)] range at 0xfffa6000, size 0xf84 fully unreadable
[0905/142504:ERROR:process_info.cc(608)] range at 0xfffa3000, size 0xf84 fully unreadable
[0905/142504:ERROR:process_info.cc(608)] range at 0xfffa0000, size 0xf84 fully unreadable
[0905/142504:ERROR:process_info.cc(608)] range at 0xfff9d000, size 0xf84 fully unreadable
[0905/142504:ERROR:process_info.cc(608)] range at 0xfff9a000, size 0xf84 fully unreadable
[0905/142504:ERROR:process_info.cc(608)] range at 0xfff97000, size 0xf84 fully unreadable
[0905/142504:ERROR:process_info.cc(608)] range at 0xfff94000, size 0xf84 fully unreadable
[0905/142504:ERROR:process_info.cc(608)] range at 0xfff91000, size 0xf84 fully unreadable
[0905/142504:ERROR:process_info.cc(608)] range at 0xfff8e000, size 0xf84 fully unreadable
[0905/142504:ERROR:process_info.cc(608)] range at 0xfff8b000, size 0xf84 fully unreadable
[0914/200551:ERROR:process_info.cc(608)] range at 0xfffde000, size 0x230 fully unreadable
[0914/200551:ERROR:process_info.cc(608)] range at 0xfffdd000, size 0xf84 fully unreadable
[0914/200551:ERROR:process_info.cc(608)] range at 0xfffda000, size 0xf84 fully unreadable
[0914/200551:ERROR:process_info.cc(608)] range at 0xfffd7000, size 0xf84 fully unreadable
[0914/200551:ERROR:process_info.cc(608)] range at 0xfffaf000, size 0xf84 fully unreadable
[0914/200551:ERROR:process_info.cc(608)] range at 0xfffac000, size 0xf84 fully unreadable
[0914/200551:ERROR:process_info.cc(608)] range at 0xfffa9000, size 0xf84 fully unreadable
[0914/200551:ERROR:process_info.cc(608)] range at 0xfffa6000, size 0xf84 fully unreadable
[0914/200551:ERROR:process_info.cc(608)] range at 0xfffa3000, size 0xf84 fully unreadable
[0914/200551:ERROR:process_info.cc(608)] range at 0xfffa0000, size 0xf84 fully unreadable
[0914/200551:ERROR:process_info.cc(608)] range at 0xfff9d000, size 0xf84 fully unreadable
[0914/200551:ERROR:process_info.cc(608)] range at 0xfff9a000, size 0xf84 fully unreadable
[0914/200551:ERROR:process_info.cc(608)] range at 0xfff97000, size 0xf84 fully unreadable
[0914/200551:ERROR:process_info.cc(608)] range at 0xfff94000, size 0xf84 fully unreadable
[0914/200551:ERROR:process_info.cc(608)] range at 0xfff91000, size 0xf84 fully unreadable
[0914/200551:ERROR:process_info.cc(608)] range at 0xfff85000, size 0xf84 fully unreadable
[0914/200551:ERROR:process_info.cc(608)] range at 0xfff8b000, size 0xf84 fully unreadable
[0914/200551:ERROR:process_info.cc(608)] range at 0xfff88000, size 0xf84 fully unreadable
[0914/200551:ERROR:process_info.cc(608)] range at 0xfff8e000, size 0xf84 fully unreadable
[0915/010210:ERROR:process_info.cc(608)] range at 0xfffde000, size 0x230 fully unreadable
[0915/010210:ERROR:process_info.cc(608)] range at 0xfffdd000, size 0xf84 fully unreadable
[0915/010210:ERROR:process_info.cc(608)] range at 0xfffda000, size 0xf84 fully unreadable
[0915/010210:ERROR:process_info.cc(608)] range at 0xfffd7000, size 0xf84 fully unreadable
[0915/010210:ERROR:process_info.cc(608)] range at 0xfffaf000, size 0xf84 fully unreadable
[0915/010210:ERROR:process_info.cc(608)] range at 0xfffac000, size 0xf84 fully unreadable
[0915/010210:ERROR:process_info.cc(608)] range at 0xfffa9000, size 0xf84 fully unreadable
[0915/010210:ERROR:process_info.cc(608)] range at 0xfffa6000, size 0xf84 fully unreadable
[0915/010210:ERROR:process_info.cc(608)] range at 0xfffa3000, size 0xf84 fully unreadable
[0915/010210:ERROR:process_info.cc(608)] range at 0xfffa0000, size 0xf84 fully unreadable
[0915/010210:ERROR:process_info.cc(608)] range at 0xfff9d000, size 0xf84 fully unreadable
[0915/010210:ERROR:process_info.cc(608)] range at 0xfff9a000, size 0xf84 fully unreadable
[0915/010210:ERROR:process_info.cc(608)] range at 0xfff97000, size 0xf84 fully unreadable
[0915/010210:ERROR:process_info.cc(608)] range at 0xfff94000, size 0xf84 fully unreadable
[0915/010210:ERROR:process_info.cc(608)] range at 0xfff88000, size 0xf84 fully unreadable
[0919/153019:ERROR:process_info.cc(608)] range at 0xfffde000, size 0x230 fully unreadable
[0919/153019:ERROR:process_info.cc(608)] range at 0xfffdd000, size 0xf84 fully unreadable
[0919/153019:ERROR:process_info.cc(608)] range at 0xfffda000, size 0xf84 fully unreadable
[0919/153019:ERROR:process_info.cc(608)] range at 0xfffd7000, size 0xf84 fully unreadable
[0919/153019:ERROR:process_info.cc(608)] range at 0xfffaf000, size 0xf84 fully unreadable
[0919/153019:ERROR:process_info.cc(608)] range at 0xfffac000, size 0xf84 fully unreadable
[0919/153019:ERROR:process_info.cc(608)] range at 0xfffa9000, size 0xf84 fully unreadable
[0919/153019:ERROR:process_info.cc(608)] range at 0xfffa6000, size 0xf84 fully unreadable
[0919/153019:ERROR:process_info.cc(608)] range at 0xfffa3000, size 0xf84 fully unreadable
[0919/153019:ERROR:process_info.cc(608)] range at 0xfffa0000, size 0xf84 fully unreadable
[0919/153019:ERROR:process_info.cc(608)] range at 0xfff9d000, size 0xf84 fully unreadable
[0919/153019:ERROR:process_info.cc(608)] range at 0xfff9a000, size 0xf84 fully unreadable
[0919/153019:ERROR:process_info.cc(608)] range at 0xfff97000, size 0xf84 fully unreadable
[0919/153019:ERROR:process_info.cc(608)] range at 0xfff94000, size 0xf84 fully unreadable
[0919/153019:ERROR:process_info.cc(608)] range at 0xfff8e000, size 0xf84 fully unreadable
[0920/190548:ERROR:settings.cc(261)] Settings magic is not 1129342067
[1013/113520:ERROR:process_info.cc(608)] range at 0xfffde000, size 0x230 fully unreadable
[1013/113520:ERROR:process_info.cc(608)] range at 0xfffdd000, size 0xf84 fully unreadable
[1013/113520:ERROR:process_info.cc(608)] range at 0xfffda000, size 0xf84 fully unreadable
[1013/113520:ERROR:process_info.cc(608)] range at 0xfffd7000, size 0xf84 fully unreadable
[1013/113520:ERROR:process_info.cc(608)] range at 0xfffaf000, size 0xf84 fully unreadable
[1013/113520:ERROR:process_info.cc(608)] range at 0xfffac000, size 0xf84 fully unreadable
[1013/113520:ERROR:process_info.cc(608)] range at 0xfffa9000, size 0xf84 fully unreadable
[1013/113520:ERROR:process_info.cc(608)] range at 0xfffa6000, size 0xf84 fully unreadable
[1013/113520:ERROR:process_info.cc(608)] range at 0xfffa3000, size 0xf84 fully unreadable
[1013/113520:ERROR:process_info.cc(608)] range at 0xfffa0000, size 0xf84 fully unreadable
[1013/113520:ERROR:process_info.cc(608)] range at 0xfff9d000, size 0xf84 fully unreadable
[1013/113520:ERROR:process_info.cc(608)] range at 0xfff9a000, size 0xf84 fully unreadable
[1013/113520:ERROR:process_info.cc(608)] range at 0xfff97000, size 0xf84 fully unreadable
[1013/113520:ERROR:process_info.cc(608)] range at 0xfff94000, size 0xf84 fully unreadable
[1013/113520:ERROR:process_info.cc(608)] range at 0xfff91000, size 0xf84 fully unreadable
[1013/113520:ERROR:process_info.cc(608)] range at 0xfff8e000, size 0xf84 fully unreadable
[1013/113520:ERROR:process_info.cc(608)] range at 0xfff8b000, size 0xf84 fully unreadable
[1013/113520:ERROR:process_info.cc(608)] range at 0xfff88000, size 0xf84 fully unreadable
[1013/113520:ERROR:process_info.cc(608)] range at 0xfff85000, size 0xf84 fully unreadable
[1013/114000:ERROR:process_info.cc(608)] range at 0xfffde000, size 0x230 fully unreadable
[1013/114000:ERROR:process_info.cc(608)] range at 0xfffdd000, size 0xf84 fully unreadable
[1013/114000:ERROR:process_info.cc(608)] range at 0xfffda000, size 0xf84 fully unreadable
[1013/114000:ERROR:process_info.cc(608)] range at 0xfffd7000, size 0xf84 fully unreadable
[1013/114000:ERROR:process_info.cc(608)] range at 0xfffaf000, size 0xf84 fully unreadable
[1013/114000:ERROR:process_info.cc(608)] range at 0xfffac000, size 0xf84 fully unreadable
[1013/114000:ERROR:process_info.cc(608)] range at 0xfffa9000, size 0xf84 fully unreadable
[1013/114000:ERROR:process_info.cc(608)] range at 0xfffa6000, size 0xf84 fully unreadable
[1013/114000:ERROR:process_info.cc(608)] range at 0xfffa3000, size 0xf84 fully unreadable
[1013/114000:ERROR:process_info.cc(608)] range at 0xfffa0000, size 0xf84 fully unreadable
[1013/114000:ERROR:process_info.cc(608)] range at 0xfff9d000, size 0xf84 fully unreadable
[1013/114000:ERROR:process_info.cc(608)] range at 0xfff9a000, size 0xf84 fully unreadable
[1013/114000:ERROR:process_info.cc(608)] range at 0xfff97000, size 0xf84 fully unreadable
[1013/114000:ERROR:process_info.cc(608)] range at 0xfff94000, size 0xf84 fully unreadable
[1013/114000:ERROR:process_info.cc(608)] range at 0xfff91000, size 0xf84 fully unreadable
[1013/114000:ERROR:process_info.cc(608)] range at 0xfff8e000, size 0xf84 fully unreadable
[1013/114000:ERROR:process_info.cc(608)] range at 0xfff8b000, size 0xf84 fully unreadable
[1013/114000:ERROR:process_info.cc(608)] range at 0xfff88000, size 0xf84 fully unreadable
[1013/125412:ERROR:process_info.cc(608)] range at 0xfffde000, size 0x230 fully unreadable
[1013/125412:ERROR:process_info.cc(608)] range at 0xfffdd000, size 0xf84 fully unreadable
[1013/125412:ERROR:process_info.cc(608)] range at 0xfffda000, size 0xf84 fully unreadable
[1013/125412:ERROR:process_info.cc(608)] range at 0xfffd7000, size 0xf84 fully unreadable
[1013/125412:ERROR:process_info.cc(608)] range at 0xfffaf000, size 0xf84 fully unreadable
[1013/125412:ERROR:process_info.cc(608)] range at 0xfffac000, size 0xf84 fully unreadable
[1013/125412:ERROR:process_info.cc(608)] range at 0xfffa9000, size 0xf84 fully unreadable
[1013/125412:ERROR:process_info.cc(608)] range at 0xfffa6000, size 0xf84 fully unreadable
[1013/125412:ERROR:process_info.cc(608)] range at 0xfffa3000, size 0xf84 fully unreadable
[1013/125412:ERROR:process_info.cc(608)] range at 0xfffa0000, size 0xf84 fully unreadable
[1013/125412:ERROR:process_info.cc(608)] range at 0xfff9d000, size 0xf84 fully unreadable
[1013/125412:ERROR:process_info.cc(608)] range at 0xfff9a000, size 0xf84 fully unreadable
[1013/125412:ERROR:process_info.cc(608)] range at 0xfff97000, size 0xf84 fully unreadable
[1013/125412:ERROR:process_info.cc(608)] range at 0xfff94000, size 0xf84 fully unreadable
[1013/125412:ERROR:process_info.cc(608)] range at 0xfff91000, size 0xf84 fully unreadable
[1013/125412:ERROR:process_info.cc(608)] range at 0xfff8e000, size 0xf84 fully unreadable
[1013/125412:ERROR:process_info.cc(608)] range at 0xfff8b000, size 0xf84 fully unreadable
[1013/131852:ERROR:process_info.cc(608)] range at 0xfffde000, size 0x230 fully unreadable
[1013/131852:ERROR:process_info.cc(608)] range at 0xfffdd000, size 0xf84 fully unreadable
[1013/131852:ERROR:process_info.cc(608)] range at 0xfffda000, size 0xf84 fully unreadable
[1013/131852:ERROR:process_info.cc(608)] range at 0xfffd7000, size 0xf84 fully unreadable
[1013/131852:ERROR:process_info.cc(608)] range at 0xfffac000, size 0xf84 fully unreadable
[1013/131852:ERROR:process_info.cc(608)] range at 0xfffa6000, size 0xf84 fully unreadable
[1013/131852:ERROR:process_info.cc(608)] range at 0xfffa3000, size 0xf84 fully unreadable
[1013/131852:ERROR:process_info.cc(608)] range at 0xfffa0000, size 0xf84 fully unreadable
[1013/131852:ERROR:process_info.cc(608)] range at 0xfff9d000, size 0xf84 fully unreadable
[1013/131852:ERROR:process_info.cc(608)] range at 0xfff9a000, size 0xf84 fully unreadable
[1013/131852:ERROR:process_info.cc(608)] range at 0xfff97000, size 0xf84 fully unreadable
[1013/131852:ERROR:process_info.cc(608)] range at 0xfff94000, size 0xf84 fully unreadable
[1013/131852:ERROR:process_info.cc(608)] range at 0xfff91000, size 0xf84 fully unreadable
[1013/131852:ERROR:process_info.cc(608)] range at 0xfff8e000, size 0xf84 fully unreadable
[1013/131852:ERROR:process_info.cc(608)] range at 0xfff8b000, size 0xf84 fully unreadable
[1013/131852:ERROR:process_info.cc(608)] range at 0xfff88000, size 0xf84 fully unreadable
[1013/131852:ERROR:process_info.cc(608)] range at 0xfff85000, size 0xf84 fully unreadable
[1013/131852:ERROR:process_info.cc(608)] range at 0xfff82000, size 0xf84 fully unreadable
[1013/131852:ERROR:process_info.cc(608)] range at 0xfff7f000, size 0xf84 fully unreadable
[1013/131852:ERROR:process_info.cc(608)] range at 0xfff79000, size 0xf84 fully unreadable
[1013/131852:ERROR:process_info.cc(608)] range at 0xfff7c000, size 0xf84 fully unreadable
[1013/131852:ERROR:process_info.cc(608)] range at 0xfff76000, size 0xf84 fully unreadable
[1013/131852:ERROR:process_info.cc(608)] range at 0xfff73000, size 0xf84 fully unreadable
[1013/131852:ERROR:process_info.cc(608)] range at 0xfff5b000, size 0xf84 fully unreadable
[1013/131852:ERROR:process_info.cc(608)] range at 0xfff55000, size 0xf84 fully unreadable
[1013/131852:ERROR:process_info.cc(608)] range at 0xfff58000, size 0xf84 fully unreadable
[1013/131852:ERROR:process_info.cc(608)] range at 0xfff52000, size 0xf84 fully unreadable
[1013/131852:ERROR:process_info.cc(608)] range at 0xffebc000, size 0xf84 fully unreadable
[1013/131852:ERROR:process_info.cc(608)] range at 0xfff2b000, size 0xf84 fully unreadable
[1013/131852:ERROR:process_info.cc(608)] range at 0xfffaf000, size 0xf84 fully unreadable
[1013/131852:ERROR:process_info.cc(608)] range at 0xfff70000, size 0xf84 fully unreadable
[1013/131852:ERROR:process_info.cc(608)] range at 0xfff6a000, size 0xf84 fully unreadable
[1013/131852:ERROR:process_info.cc(608)] range at 0xfff43000, size 0xf84 fully unreadable
[1013/131852:ERROR:process_info.cc(608)] range at 0xfff4f000, size 0xf84 fully unreadable
[1013/131852:ERROR:process_info.cc(608)] range at 0xfff6d000, size 0xf84 fully unreadable
[1013/131852:ERROR:process_info.cc(608)] range at 0xfffa9000, size 0xf84 fully unreadable
[1013/131852:ERROR:process_info.cc(608)] range at 0xfff67000, size 0xf84 fully unreadable
[1013/131852:ERROR:process_info.cc(608)] range at 0xfff64000, size 0xf84 fully unreadable
[1013/131852:ERROR:process_info.cc(608)] range at 0xfff61000, size 0xf84 fully unreadable
[1013/131852:ERROR:process_info.cc(608)] range at 0xfff5e000, size 0xf84 fully unreadable
[1013/131852:ERROR:process_info.cc(608)] range at 0xfff4c000, size 0xf84 fully unreadable
[1013/131852:ERROR:process_info.cc(608)] range at 0xfff49000, size 0xf84 fully unreadable
[1013/131852:ERROR:process_info.cc(608)] range at 0xfff37000, size 0xf84 fully unreadable
[1013/131852:ERROR:process_info.cc(608)] range at 0xfff22000, size 0xf84 fully unreadable
[1013/131852:ERROR:process_info.cc(608)] range at 0xfff1c000, size 0xf84 fully unreadable
[1013/131852:ERROR:process_info.cc(608)] range at 0xfff10000, size 0xf84 fully unreadable
[1013/131852:ERROR:process_info.cc(608)] range at 0xfff07000, size 0xf84 fully unreadable
[1013/131852:ERROR:process_info.cc(608)] range at 0xffead000, size 0xf84 fully unreadable
[1013/131852:ERROR:process_info.cc(608)] range at 0xffe9e000, size 0xf84 fully unreadable
[1013/131852:ERROR:process_info.cc(608)] range at 0xffe98000, size 0xf84 fully unreadable
[1013/131852:ERROR:process_info.cc(608)] range at 0xffe8f000, size 0xf84 fully unreadable
[1013/131852:ERROR:process_info.cc(608)] range at 0xffe8c000, size 0xf84 fully unreadable
[1013/131852:ERROR:process_info.cc(608)] range at 0xffe86000, size 0xf84 fully unreadable
[1013/131852:ERROR:process_info.cc(608)] range at 0xffe89000, size 0xf84 fully unreadable
[1013/131852:ERROR:process_info.cc(608)] range at 0xffe77000, size 0xf84 fully unreadable
[1013/131852:ERROR:process_info.cc(608)] range at 0xffe65000, size 0xf84 fully unreadable
[1013/131852:ERROR:process_info.cc(608)] range at 0xfff3a000, size 0xf84 fully unreadable
[1013/131852:ERROR:process_info.cc(608)] range at 0xfff34000, size 0xf84 fully unreadable
[1013/131852:ERROR:process_info.cc(608)] range at 0xfff2e000, size 0xf84 fully unreadable
[1013/131852:ERROR:process_info.cc(608)] range at 0xfff31000, size 0xf84 fully unreadable
[1013/131852:ERROR:process_info.cc(608)] range at 0xfff1f000, size 0xf84 fully unreadable
[1013/131852:ERROR:process_info.cc(608)] range at 0xffefb000, size 0xf84 fully unreadable
[1013/131852:ERROR:process_info.cc(608)] range at 0xffefe000, size 0xf84 fully unreadable
[1013/131852:ERROR:process_info.cc(608)] range at 0xffee3000, size 0xf84 fully unreadable
[1013/131852:ERROR:process_info.cc(608)] range at 0xffedd000, size 0xf84 fully unreadable
[1013/131852:ERROR:process_info.cc(608)] range at 0xffed7000, size 0xf84 fully unreadable
[1013/131852:ERROR:process_info.cc(608)] range at 0xffeb9000, size 0xf84 fully unreadable
[1013/131852:ERROR:process_info.cc(608)] range at 0xffeaa000, size 0xf84 fully unreadable
[1013/131852:ERROR:process_info.cc(608)] range at 0xffea7000, size 0xf84 fully unreadable
[1013/131852:ERROR:process_info.cc(608)] range at 0xffea4000, size 0xf84 fully unreadable
[1013/131852:ERROR:process_info.cc(608)] range at 0xffea1000, size 0xf84 fully unreadable
[1013/131852:ERROR:process_info.cc(608)] range at 0xffe9b000, size 0xf84 fully unreadable
[1013/131852:ERROR:process_info.cc(608)] range at 0xfff40000, size 0xf84 fully unreadable
[1013/131852:ERROR:process_info.cc(608)] range at 0xfff28000, size 0xf84 fully unreadable
[1013/131852:ERROR:process_info.cc(608)] range at 0xfff25000, size 0xf84 fully unreadable
[1013/131852:ERROR:process_info.cc(608)] range at 0xffef8000, size 0xf84 fully unreadable
[1013/131852:ERROR:process_info.cc(608)] range at 0xffef5000, size 0xf84 fully unreadable
[1013/131852:ERROR:process_info.cc(608)] range at 0xffef2000, size 0xf84 fully unreadable
[1013/131852:ERROR:process_info.cc(608)] range at 0xffeec000, size 0xf84 fully unreadable
[1013/131852:ERROR:process_info.cc(608)] range at 0xffeef000, size 0xf84 fully unreadable
[1013/131852:ERROR:process_info.cc(608)] range at 0xffee6000, size 0xf84 fully unreadable
[1013/131852:ERROR:process_info.cc(608)] range at 0xffee0000, size 0xf84 fully unreadable
[1013/131852:ERROR:process_info.cc(608)] range at 0xffeda000, size 0xf84 fully unreadable
[1013/131852:ERROR:process_info.cc(608)] range at 0xffe95000, size 0xf84 fully unreadable
[1013/131852:ERROR:process_info.cc(608)] range at 0xffe83000, size 0xf84 fully unreadable
[1013/131852:ERROR:process_info.cc(608)] range at 0xfff46000, size 0xf84 fully unreadable
[1013/131852:ERROR:process_info.cc(608)] range at 0xfff3d000, size 0xf84 fully unreadable
[1013/131852:ERROR:process_info.cc(608)] range at 0xfff19000, size 0xf84 fully unreadable
[1013/131852:ERROR:process_info.cc(608)] range at 0xfff16000, size 0xf84 fully unreadable
[1013/131852:ERROR:process_info.cc(608)] range at 0xfff13000, size 0xf84 fully unreadable
[1013/131852:ERROR:process_info.cc(608)] range at 0xfff0d000, size 0xf84 fully unreadable
[1013/131852:ERROR:process_info.cc(608)] range at 0xfff0a000, size 0xf84 fully unreadable
[1013/131852:ERROR:process_info.cc(608)] range at 0xfff04000, size 0xf84 fully unreadable
[1013/131852:ERROR:process_info.cc(608)] range at 0xfff01000, size 0xf84 fully unreadable
[1013/131852:ERROR:process_info.cc(608)] range at 0xffee9000, size 0xf84 fully unreadable
[1013/131852:ERROR:process_info.cc(608)] range at 0xffed4000, size 0xf84 fully unreadable
[1013/131852:ERROR:process_info.cc(608)] range at 0xffed1000, size 0xf84 fully unreadable
[1013/131852:ERROR:process_info.cc(608)] range at 0xffece000, size 0xf84 fully unreadable
[1013/131852:ERROR:process_info.cc(608)] range at 0xffecb000, size 0xf84 fully unreadable
[1027/142237:ERROR:process_info.cc(608)] range at 0xfffde000, size 0x230 fully unreadable
[1027/142237:ERROR:process_info.cc(608)] range at 0xfffdd000, size 0xf84 fully unreadable
[1027/142237:ERROR:process_info.cc(608)] range at 0xfffda000, size 0xf84 fully unreadable
[1027/142237:ERROR:process_info.cc(608)] range at 0xfffd7000, size 0xf84 fully unreadable
[1027/142237:ERROR:process_info.cc(608)] range at 0xfffaf000, size 0xf84 fully unreadable
[1027/142237:ERROR:process_info.cc(608)] range at 0xfffac000, size 0xf84 fully unreadable
[1027/142237:ERROR:process_info.cc(608)] range at 0xfffa9000, size 0xf84 fully unreadable
[1027/142237:ERROR:process_info.cc(608)] range at 0xfffa6000, size 0xf84 fully unreadable
[1027/142237:ERROR:process_info.cc(608)] range at 0xfffa3000, size 0xf84 fully unreadable
[1027/142237:ERROR:process_info.cc(608)] range at 0xfffa0000, size 0xf84 fully unreadable
[1027/142237:ERROR:process_info.cc(608)] range at 0xfff9d000, size 0xf84 fully unreadable
[1027/142237:ERROR:process_info.cc(608)] range at 0xfff9a000, size 0xf84 fully unreadable
[1027/142237:ERROR:process_info.cc(608)] range at 0xfff97000, size 0xf84 fully unreadable
[1027/142237:ERROR:process_info.cc(608)] range at 0xfff94000, size 0xf84 fully unreadable
[1027/142237:ERROR:process_info.cc(608)] range at 0xfff91000, size 0xf84 fully unreadable
[1027/142237:ERROR:process_info.cc(608)] range at 0xfff8e000, size 0xf84 fully unreadable
[1027/142237:ERROR:process_info.cc(608)] range at 0xfff8b000, size 0xf84 fully unreadable
[1027/142237:ERROR:process_info.cc(608)] range at 0xfff88000, size 0xf84 fully unreadable
[1027/142237:ERROR:process_info.cc(608)] range at 0xfff85000, size 0xf84 fully unreadable
[1027/142838:ERROR:process_info.cc(608)] range at 0xfffde000, size 0x230 fully unreadable
[1027/142838:ERROR:process_info.cc(608)] range at 0xfffdd000, size 0xf84 fully unreadable
[1027/142838:ERROR:process_info.cc(608)] range at 0xfffda000, size 0xf84 fully unreadable
[1027/142838:ERROR:process_info.cc(608)] range at 0xfffd7000, size 0xf84 fully unreadable
[1027/142838:ERROR:process_info.cc(608)] range at 0xfffaf000, size 0xf84 fully unreadable
[1027/142838:ERROR:process_info.cc(608)] range at 0xfffac000, size 0xf84 fully unreadable
[1027/142838:ERROR:process_info.cc(608)] range at 0xfffa9000, size 0xf84 fully unreadable
[1027/142838:ERROR:process_info.cc(608)] range at 0xfffa6000, size 0xf84 fully unreadable
[1027/142838:ERROR:process_info.cc(608)] range at 0xfffa3000, size 0xf84 fully unreadable
[1027/142838:ERROR:process_info.cc(608)] range at 0xfffa0000, size 0xf84 fully unreadable
[1027/142838:ERROR:process_info.cc(608)] range at 0xfff9d000, size 0xf84 fully unreadable
[1027/142838:ERROR:process_info.cc(608)] range at 0xfff9a000, size 0xf84 fully unreadable
[1027/142838:ERROR:process_info.cc(608)] range at 0xfff97000, size 0xf84 fully unreadable
[1027/142838:ERROR:process_info.cc(608)] range at 0xfff94000, size 0xf84 fully unreadable
[1027/142838:ERROR:process_info.cc(608)] range at 0xfff91000, size 0xf84 fully unreadable
[1027/142838:ERROR:process_info.cc(608)] range at 0xfff8e000, size 0xf84 fully unreadable
[1027/142838:ERROR:process_info.cc(608)] range at 0xfff8b000, size 0xf84 fully unreadable
[1027/142838:ERROR:process_info.cc(608)] range at 0xfff88000, size 0xf84 fully unreadable
[1027/142922:ERROR:process_info.cc(608)] range at 0xfffde000, size 0x230 fully unreadable
[1027/142922:ERROR:process_info.cc(608)] range at 0xfffdd000, size 0xf84 fully unreadable
[1027/142922:ERROR:process_info.cc(608)] range at 0xfffda000, size 0xf84 fully unreadable
[1027/142922:ERROR:process_info.cc(608)] range at 0xfffd7000, size 0xf84 fully unreadable
[1027/142922:ERROR:process_info.cc(608)] range at 0xfffaf000, size 0xf84 fully unreadable
[1027/142922:ERROR:process_info.cc(608)] range at 0xfffac000, size 0xf84 fully unreadable
[1027/142922:ERROR:process_info.cc(608)] range at 0xfffa9000, size 0xf84 fully unreadable
[1027/142922:ERROR:process_info.cc(608)] range at 0xfffa6000, size 0xf84 fully unreadable
[1027/142922:ERROR:process_info.cc(608)] range at 0xfffa3000, size 0xf84 fully unreadable
[1027/142922:ERROR:process_info.cc(608)] range at 0xfffa0000, size 0xf84 fully unreadable
[1027/142922:ERROR:process_info.cc(608)] range at 0xfff9d000, size 0xf84 fully unreadable
[1027/142922:ERROR:process_info.cc(608)] range at 0xfff9a000, size 0xf84 fully unreadable
[1027/142922:ERROR:process_info.cc(608)] range at 0xfff97000, size 0xf84 fully unreadable
[1027/142922:ERROR:process_info.cc(608)] range at 0xfff94000, size 0xf84 fully unreadable
[1027/142922:ERROR:process_info.cc(608)] range at 0xfff91000, size 0xf84 fully unreadable
[1027/142922:ERROR:process_info.cc(608)] range at 0xfff8e000, size 0xf84 fully unreadable
[1027/142922:ERROR:process_info.cc(608)] range at 0xfff8b000, size 0xf84 fully unreadable
[1027/142922:ERROR:process_info.cc(608)] range at 0xfff88000, size 0xf84 fully unreadable
[1027/142922:ERROR:process_info.cc(608)] range at 0xfff85000, size 0xf84 fully unreadable
